{"timestamp":"2025-08-14T02:08:45.766899","level":"info","event":"DAG bundles loaded: dags-folder","logger":"airflow.dag_processing.bundles.manager.DagBundlesManager"}
{"timestamp":"2025-08-14T02:08:45.767319","level":"info","event":"Filling up the DagBag from /opt/airflow/dags/ecommerce_pipeline_dag.py","logger":"airflow.models.dagbag.DagBag"}
{"timestamp":"2025-08-14T02:08:46.376052","level":"info","event":"Tmp dir root location: /tmp","logger":"airflow.task.hooks.airflow.providers.standard.hooks.subprocess.SubprocessHook"}
{"timestamp":"2025-08-14T02:08:46.378051","level":"info","event":"Running command: ['/usr/bin/bash', '-c', 'dbt run --project-dir /opt/airflow/dbt_project --profiles-dir /opt/airflow/dbt_project']","logger":"airflow.task.hooks.airflow.providers.standard.hooks.subprocess.SubprocessHook"}
{"timestamp":"2025-08-14T02:08:46.389193","level":"info","event":"Output:","logger":"airflow.task.hooks.airflow.providers.standard.hooks.subprocess.SubprocessHook"}
{"timestamp":"2025-08-14T02:08:48.405478","level":"info","event":"\u001b[0m02:08:48  Running with dbt=1.10.8","logger":"airflow.task.hooks.airflow.providers.standard.hooks.subprocess.SubprocessHook"}
{"timestamp":"2025-08-14T02:08:48.757294","level":"info","event":"\u001b[0m02:08:48  Registered adapter: postgres=1.9.0","logger":"airflow.task.hooks.airflow.providers.standard.hooks.subprocess.SubprocessHook"}
{"timestamp":"2025-08-14T02:08:48.834056","level":"info","event":"\u001b[0m02:08:48  Unable to do partial parsing because saved manifest not found. Starting full parse.","logger":"airflow.task.hooks.airflow.providers.standard.hooks.subprocess.SubprocessHook"}
{"timestamp":"2025-08-14T02:08:50.183383","level":"info","event":"\u001b[0m02:08:50  [\u001b[33mWARNING\u001b[0m]: Configuration paths exist in your dbt_project.yml file which do not apply to any resources.","logger":"airflow.task.hooks.airflow.providers.standard.hooks.subprocess.SubprocessHook"}
{"timestamp":"2025-08-14T02:08:50.183582","level":"info","event":"There are 1 unused configuration paths:","logger":"airflow.task.hooks.airflow.providers.standard.hooks.subprocess.SubprocessHook"}
{"timestamp":"2025-08-14T02:08:50.183660","level":"info","event":"- models.dbt_project.example","logger":"airflow.task.hooks.airflow.providers.standard.hooks.subprocess.SubprocessHook"}
{"timestamp":"2025-08-14T02:08:50.369083","level":"info","event":"\u001b[0m02:08:50  Found 2 models, 2 sources, 434 macros","logger":"airflow.task.hooks.airflow.providers.standard.hooks.subprocess.SubprocessHook"}
{"timestamp":"2025-08-14T02:08:50.371720","level":"info","event":"\u001b[0m02:08:50","logger":"airflow.task.hooks.airflow.providers.standard.hooks.subprocess.SubprocessHook"}
{"timestamp":"2025-08-14T02:08:50.372452","level":"info","event":"\u001b[0m02:08:50  Concurrency: 4 threads (target='dev')","logger":"airflow.task.hooks.airflow.providers.standard.hooks.subprocess.SubprocessHook"}
{"timestamp":"2025-08-14T02:08:50.373095","level":"info","event":"\u001b[0m02:08:50","logger":"airflow.task.hooks.airflow.providers.standard.hooks.subprocess.SubprocessHook"}
{"timestamp":"2025-08-14T02:08:50.504339","level":"info","event":"\u001b[0m02:08:50  1 of 2 START sql view model marts.dim_customers ................................ [RUN]","logger":"airflow.task.hooks.airflow.providers.standard.hooks.subprocess.SubprocessHook"}
{"timestamp":"2025-08-14T02:08:50.505405","level":"info","event":"\u001b[0m02:08:50  2 of 2 START sql view model marts.stg_orders ................................... [RUN]","logger":"airflow.task.hooks.airflow.providers.standard.hooks.subprocess.SubprocessHook"}
{"timestamp":"2025-08-14T02:08:50.722544","level":"info","event":"\u001b[0m02:08:50  2 of 2 OK created sql view model marts.stg_orders .............................. [\u001b[32mCREATE VIEW\u001b[0m in 0.21s]","logger":"airflow.task.hooks.airflow.providers.standard.hooks.subprocess.SubprocessHook"}
{"timestamp":"2025-08-14T02:08:50.723749","level":"info","event":"\u001b[0m02:08:50  1 of 2 OK created sql view model marts.dim_customers ........................... [\u001b[32mCREATE VIEW\u001b[0m in 0.21s]","logger":"airflow.task.hooks.airflow.providers.standard.hooks.subprocess.SubprocessHook"}
{"timestamp":"2025-08-14T02:08:50.741121","level":"info","event":"\u001b[0m02:08:50","logger":"airflow.task.hooks.airflow.providers.standard.hooks.subprocess.SubprocessHook"}
{"timestamp":"2025-08-14T02:08:50.741894","level":"info","event":"\u001b[0m02:08:50  Finished running 2 view models in 0 hours 0 minutes and 0.37 seconds (0.37s).","logger":"airflow.task.hooks.airflow.providers.standard.hooks.subprocess.SubprocessHook"}
{"timestamp":"2025-08-14T02:08:50.812873","level":"info","event":"\u001b[0m02:08:50","logger":"airflow.task.hooks.airflow.providers.standard.hooks.subprocess.SubprocessHook"}
{"timestamp":"2025-08-14T02:08:50.814104","level":"info","event":"\u001b[0m02:08:50  \u001b[32mCompleted successfully\u001b[0m","logger":"airflow.task.hooks.airflow.providers.standard.hooks.subprocess.SubprocessHook"}
{"timestamp":"2025-08-14T02:08:50.815426","level":"info","event":"\u001b[0m02:08:50","logger":"airflow.task.hooks.airflow.providers.standard.hooks.subprocess.SubprocessHook"}
{"timestamp":"2025-08-14T02:08:50.816508","level":"info","event":"\u001b[0m02:08:50  Done. PASS=2 WARN=0 ERROR=0 SKIP=0 NO-OP=0 TOTAL=2","logger":"airflow.task.hooks.airflow.providers.standard.hooks.subprocess.SubprocessHook"}
{"timestamp":"2025-08-14T02:08:52.451278","level":"info","event":"Command exited with return code 0","logger":"airflow.task.hooks.airflow.providers.standard.hooks.subprocess.SubprocessHook"}
{"timestamp":"2025-08-14T02:08:52.452567","level":"info","event":"Pushing xcom","ti":"RuntimeTaskInstance(id=UUID('0198a655-b71c-79a7-b7e2-bf7b77acfce8'), task_id='run_dbt_models', dag_id='ecommerce_pipeline_v5', run_id='scheduled__2025-08-14T00:00:00+00:00', try_number=1, map_index=-1, hostname='14398a6a58a1', context_carrier={}, task=<Task(BashOperator): run_dbt_models>, bundle_instance=LocalDagBundle(name=dags-folder), max_tries=0, start_date=datetime.datetime(2025, 8, 14, 2, 8, 45, 630369, tzinfo=datetime.timezone.utc), end_date=None, state=<TaskInstanceState.RUNNING: 'running'>, is_mapped=False, rendered_map_index=None, log_url='http://localhost:8080/dags/ecommerce_pipeline_v5/runs/scheduled__2025-08-14T00%3A00%3A00%2B00%3A00/tasks/run_dbt_models?try_number=1')","logger":"task"}
